0 info it worked if it ends with ok
1 verbose cli [ 'C:\\TechLearning\\NodeJS\\Engine\\node.exe',
1 verbose cli   'C:\\TechLearning\\NodeJS\\Engine\\node_modules\\npm\\bin\\npm-cli.js',
1 verbose cli   'pack' ]
2 info using npm@2.14.12
3 info using node@v4.2.4
4 silly cache add args [ '.', null ]
5 verbose cache add spec .
6 silly cache add parsed spec Result {
6 silly cache add   raw: '.',
6 silly cache add   scope: null,
6 silly cache add   name: null,
6 silly cache add   rawSpec: '.',
6 silly cache add   spec: 'C:\\TechLearning\\NodeJS\\NodeSite\\NodePackages\\censorify',
6 silly cache add   type: 'local' }
7 error addLocal Could not install C:\TechLearning\NodeJS\NodeSite\NodePackages\censorify
8 verbose stack Error: EISDIR: illegal operation on a directory, read
8 verbose stack     at Error (native)
9 verbose cwd C:\TechLearning\NodeJS\NodeSite\NodePackages\censorify
10 error Windows_NT 6.3.9600
11 error argv "C:\\TechLearning\\NodeJS\\Engine\\node.exe" "C:\\TechLearning\\NodeJS\\Engine\\node_modules\\npm\\bin\\npm-cli.js" "pack"
12 error node v4.2.4
13 error npm  v2.14.12
14 error code EISDIR
15 error errno -4068
16 error syscall read
17 error eisdir EISDIR: illegal operation on a directory, read
17 error eisdir This is most likely not a problem with npm itself
17 error eisdir and is related to npm not being able to find a package.json in
17 error eisdir a package you are trying to install.
18 verbose exit [ -4068, true ]
